#
# There is insufficient memory for the Java Runtime Environment to continue.
# Native memory allocation (malloc) failed to allocate 32744 bytes. Error detail: Chunk::new
# Possible reasons:
#   The system is out of physical RAM or swap space
#   This process is running with CompressedOops enabled, and the Java Heap may be blocking the growth of the native heap
# Possible solutions:
#   Reduce memory load on the system
#   Increase physical memory or swap space
#   Check if swap backing store is full
#   Decrease Java heap size (-Xmx/-Xms)
#   Decrease number of Java threads
#   Decrease Java thread stack sizes (-Xss)
#   Set larger code cache with -XX:ReservedCodeCacheSize=
#   JVM is running with Unscaled Compressed Oops mode in which the Java heap is
#     placed in the first 4GB address space. The Java Heap base address is the
#     maximum limit for the native heap growth. Please use -XX:HeapBaseMinAddress
#     to set the Java Heap base and to place the Java Heap above 4GB virtual address.
# This output file may be truncated or incomplete.
#
#  Out of Memory Error (arena.cpp:150), pid=6428, tid=10324
#
# JRE version: OpenJDK Runtime Environment Temurin-22.0.2+9 (22.0.2+9) (build 22.0.2+9)
# Java VM: OpenJDK 64-Bit Server VM Temurin-22.0.2+9 (22.0.2+9, mixed mode, tiered, compressed oops, compressed class ptrs, g1 gc, windows-amd64)
# No core dump will be written. Minidumps are not enabled by default on client versions of Windows
#

---------------  S U M M A R Y ------------

Command Line: -ea -Dfile.encoding=UTF-8 -Dstdout.encoding=UTF-8 -Dstderr.encoding=UTF-8 -XX:+ShowCodeDetailsInExceptionMessages org.testng.remote.RemoteTestNG -serport 57996 -protocol json -d F:\eclipse workspace 24\MavenProject\test-output C:\Users\HP\AppData\Local\Temp\testng-eclipse--154967103\testng-customsuite.xml

Host: Intel(R) Core(TM) i5-10210U CPU @ 1.60GHz, 8 cores, 3G,  Windows 11 , 64 bit Build 22621 (10.0.22621.4391)
Time: Thu Nov 21 16:38:03 2024 India Standard Time elapsed time: 34.843969 seconds (0d 0h 0m 34s)

---------------  T H R E A D  ---------------

Current thread (0x000001c323704b40):  JavaThread "AsyncHttpClient-1-2" daemon [_thread_in_vm, id=10324, stack(0x00000017b0600000,0x00000017b0700000) (1024K)]

Stack: [0x00000017b0600000,0x00000017b0700000]
Native frames: (J=compiled Java code, j=interpreted, Vv=VM code, C=native code)
V  [jvm.dll+0x6ea6a9]  (no source info available)
V  [jvm.dll+0x8cdbf3]  (no source info available)
V  [jvm.dll+0x8d001e]  (no source info available)
V  [jvm.dll+0x8d06f3]  (no source info available)
V  [jvm.dll+0x286dc6]  (no source info available)
V  [jvm.dll+0xc3b8f]  (no source info available)
V  [jvm.dll+0xc3deb]  (no source info available)
V  [jvm.dll+0x8445cf]  (no source info available)
V  [jvm.dll+0x844f14]  (no source info available)
V  [jvm.dll+0x844b98]  (no source info available)
V  [jvm.dll+0x7b53e6]  (no source info available)
V  [jvm.dll+0x84207b]  (no source info available)
V  [jvm.dll+0x6a6e55]  (no source info available)
V  [jvm.dll+0x8434d2]  (no source info available)
V  [jvm.dll+0x275aa4]  (no source info available)
V  [jvm.dll+0x2722d1]  (no source info available)
V  [jvm.dll+0x14960d]  (no source info available)
V  [jvm.dll+0x149954]  (no source info available)
V  [jvm.dll+0x842bd2]  (no source info available)
V  [jvm.dll+0x5f1439]  (no source info available)
V  [jvm.dll+0x5f127e]  (no source info available)
V  [jvm.dll+0x3e3cd5]  (no source info available)
C  0x000001c311ffa61d  (no source info available)

The last pc belongs to invokedynamic (printed below).
Java frames: (J=compiled Java code, j=interpreted, Vv=VM code)
j  org.asynchttpclient.netty.util.ByteBufUtils.<clinit>()V+6
v  ~StubRoutines::call_stub 0x000001c311fe100d
j  org.asynchttpclient.netty.EagerResponseBodyPart.<init>(Lio/netty/buffer/ByteBuf;Z)V+7
j  org.asynchttpclient.AsyncHttpClientConfig$ResponseBodyPartFactory$1.newResponseBodyPart(Lio/netty/buffer/ByteBuf;Z)Lorg/asynchttpclient/HttpResponseBodyPart;+6
j  org.asynchttpclient.netty.handler.HttpHandler.handleChunk(Lio/netty/handler/codec/http/HttpContent;Lio/netty/channel/Channel;Lorg/asynchttpclient/netty/NettyResponseFuture;Lorg/asynchttpclient/AsyncHandler;)V+106
j  org.asynchttpclient.netty.handler.HttpHandler.handleRead(Lio/netty/channel/Channel;Lorg/asynchttpclient/netty/NettyResponseFuture;Ljava/lang/Object;)V+99
j  org.asynchttpclient.netty.handler.AsyncHttpClientHandler.channelRead(Lio/netty/channel/ChannelHandlerContext;Ljava/lang/Object;)V+64
j  io.netty.channel.AbstractChannelHandlerContext.invokeChannelRead(Ljava/lang/Object;)V+59
j  io.netty.channel.AbstractChannelHandlerContext.invokeChannelRead(Lio/netty/channel/AbstractChannelHandlerContext;Ljava/lang/Object;)V+31
j  io.netty.channel.AbstractChannelHandlerContext.fireChannelRead(Ljava/lang/Object;)Lio/netty/channel/ChannelHandlerContext;+7
j  io.netty.handler.codec.MessageToMessageDecoder.channelRead(Lio/netty/channel/ChannelHandlerContext;Ljava/lang/Object;)V+75
j  io.netty.channel.AbstractChannelHandlerContext.invokeChannelRead(Ljava/lang/Object;)V+59
j  io.netty.channel.AbstractChannelHandlerContext.invokeChannelRead(Lio/netty/channel/AbstractChannelHandlerContext;Ljava/lang/Object;)V+31
j  io.netty.channel.AbstractChannelHandlerContext.fireChannelRead(Ljava/lang/Object;)Lio/netty/channel/ChannelHandlerContext;+7
j  io.netty.channel.CombinedChannelDuplexHandler$DelegatingChannelHandlerContext.fireChannelRead(Ljava/lang/Object;)Lio/netty/channel/ChannelHandlerContext;+5
j  io.netty.handler.codec.ByteToMessageDecoder.fireChannelRead(Lio/netty/channel/ChannelHandlerContext;Lio/netty/handler/codec/CodecOutputList;I)V+13
j  io.netty.handler.codec.ByteToMessageDecoder.channelRead(Lio/netty/channel/ChannelHandlerContext;Ljava/lang/Object;)V+210
j  io.netty.channel.CombinedChannelDuplexHandler.channelRead(Lio/netty/channel/ChannelHandlerContext;Ljava/lang/Object;)V+44
j  io.netty.channel.AbstractChannelHandlerContext.invokeChannelRead(Ljava/lang/Object;)V+47
j  io.netty.channel.AbstractChannelHandlerContext.invokeChannelRead(Lio/netty/channel/AbstractChannelHandlerContext;Ljava/lang/Object;)V+31
j  io.netty.channel.AbstractChannelHandlerContext.fireChannelRead(Ljava/lang/Object;)Lio/netty/channel/ChannelHandlerContext;+7
j  io.netty.channel.DefaultChannelPipeline$HeadContext.channelRead(Lio/netty/channel/ChannelHandlerContext;Ljava/lang/Object;)V+2
j  io.netty.channel.AbstractChannelHandlerContext.invokeChannelRead(Ljava/lang/Object;)V+28
j  io.netty.channel.AbstractChannelHandlerContext.invokeChannelRead(Lio/netty/channel/AbstractChannelHandlerContext;Ljava/lang/Object;)V+31
j  io.netty.channel.DefaultChannelPipeline.fireChannelRead(Ljava/lang/Object;)Lio/netty/channel/ChannelPipeline;+5
j  io.netty.channel.nio.AbstractNioByteChannel$NioByteUnsafe.read()V+159
j  io.netty.channel.nio.NioEventLoop.processSelectedKey(Ljava/nio/channels/SelectionKey;Lio/netty/channel/nio/AbstractNioChannel;)V+110
j  io.netty.channel.nio.NioEventLoop.processSelectedKeysOptimized()V+51
j  io.netty.channel.nio.NioEventLoop.processSelectedKeys()V+8
j  io.netty.channel.nio.NioEventLoop.run()V+263
j  io.netty.util.concurrent.SingleThreadEventExecutor$4.run()V+44
j  io.netty.util.internal.ThreadExecutorMap$2.run()V+11
j  io.netty.util.concurrent.FastThreadLocalRunnable.run()V+4
j  java.lang.Thread.runWith(Ljava/lang/Object;Ljava/lang/Runnable;)V+5 java.base@22.0.2
j  java.lang.Thread.run()V+19 java.base@22.0.2
v  ~StubRoutines::call_stub 0x000001c311fe100d
invokedynamic  186 invokedynamic  [0x000001c311ffa580, 0x000001c311ffa838]  696 bytes
[MachCode]
  0x000001c311ffa580: 4883 ec08 | c5fa 1104 | 24eb 1f48 | 83ec 10c5 | fb11 0424 | eb14 4883 | ec10 4889 | 0424 48c7 
  0x000001c311ffa5a0: 4424 0800 | 0000 00eb | 0150 4c89 | 6dc0 418b | 5501 f7d2 | 488b 4dd0 | 488b 4920 | c1e2 0448 
  0x000001c311ffa5c0: 8d4c 1108 | 488b 1948 | 85db 0f85 | c100 0000 | bbba 0000 | 00e8 0500 | 0000 e999 | 0000 0048 
  0x000001c311ffa5e0: 8bd3 488d | 4424 084c | 896d c049 | 8bcf c5f8 | 7749 89af | b003 0000 | 4989 87a0 | 0300 0048 
  0x000001c311ffa600: 83ec 2040 | f6c4 0f0f | 8419 0000 | 0048 83ec | 0848 b810 | 3ad8 39f9 | 7f00 00ff | d048 83c4 
  0x000001c311ffa620: 08e9 0c00 | 0000 48b8 | 103a d839 | f97f 0000 | ffd0 4883 | c420 49c7 | 87a0 0300 | 0000 0000 
  0x000001c311ffa640: 0049 c787 | b003 0000 | 0000 0000 | 49c7 87a8 | 0300 0000 | 0000 00c5 | f877 4983 | 7f08 000f 
  0x000001c311ffa660: 8405 0000 | 00e9 9668 | feff 4c8b | 6dc0 4c8b | 75c8 4e8d | 74f5 00c3 | 418b 5501 | f7d2 488b 
  0x000001c311ffa680: 4dd0 488b | 4920 c1e2 | 0448 8d4c | 1108 488b | 190f b651 | 0ff6 c202 | 0f84 2000 | 0000 0fb7 
  0x000001c311ffa6a0: 5108 488b | 45e8 488b | 4008 488b | 4008 488b | 4010 488b | 4008 488b | 008b 4490 | 1050 0fb6 
  0x000001c311ffa6c0: 510e 49ba | 600d 693a | f97f 0000 | 498b 14d2 | 524c 8b6d | d84d 85ed | 0f84 1200 | 0000 4983 
  0x000001c311ffa6e0: 4508 0149 | 835d 0800 | 4983 c510 | 4c89 6dd8 | 488b 55d8 | 4885 d20f | 8423 0100 | 0080 7af0 
  0x000001c311ffa700: 0a0f 8519 | 0100 0048 | 83c2 084c | 8b6a f841 | 83ed 0041 | 83fd 020f | 8cf8 0000 | 004c 8b6b 
  0x000001c311ffa720: 0845 0fb7 | 6d2e 4c2b | 2a41 83ed | 014e 8b6c | ec08 4d85 | ed75 0ef6 | 4208 0175 | 4bf0 4883 
  0x000001c311ffa740: 4a08 01eb | 4345 8b6d | 084d 8bd5 | 4c33 6a08 | 49f7 c5fc | ffff ff74 | 2f41 f6c5 | 0275 2948 
  0x000001c311ffa760: 837a 0800 | 741e 4883 | 7a08 0174 | 174d 8bea | 4c33 6a08 | 49f7 c5fc | ffff ff74 | 0b48 834a 
  0x000001c311ffa780: 0802 eb04 | 4c89 6a08 | 4883 c210 | 4c8b 6ae8 | 4183 ed02 | 4183 fd02 | 0f8c 7700 | 0000 4c8b 
  0x000001c311ffa7a0: 6b08 450f | b76d 2e4c | 2b2a 4183 | ed01 4e8b | 6cec 084d | 85ed 750e | f642 0801 | 754b f048 
  0x000001c311ffa7c0: 834a 0801 | eb43 458b | 6d08 4d8b | d54c 336a | 0849 f7c5 | fcff ffff | 742f 41f6 | c502 7529 
  0x000001c311ffa7e0: 4883 7a08 | 0074 1e48 | 837a 0801 | 7417 4d8b | ea4c 336a | 0849 f7c5 | fcff ffff | 740b 4883 
  0x000001c311ffa800: 4a08 02eb | 044c 896a | 0848 83c2 | 104c 8b6a | d841 83ed | 0441 c1e5 | 0349 03d5 | 4889 55d8 
  0x000001c311ffa820: 4c8d 6c24 | 0849 8bcd | 482b cd48 | c1f9 0348 | 894d f0ff | 6350 6690 
[/MachCode]

---------------  P R O C E S S  ---------------

Threads class SMR info:
_java_thread_list=0x000001c323a95770, length=20, elements={
0x000001c304d4dd80, 0x000001c31dbcfb30, 0x000001c31dbd0ff0, 0x000001c31dc38170,
0x000001c31dc38bd0, 0x000001c31dc39630, 0x000001c31dc26f30, 0x000001c31dc03fe0,
0x000001c31dc046a0, 0x000001c31ddd76a0, 0x000001c31dddf4f0, 0x000001c322c89b00,
0x000001c322e2d7a0, 0x000001c3236a27a0, 0x000001c3236b74d0, 0x000001c323702a70,
0x000001c323705860, 0x000001c3237044b0, 0x000001c323703100, 0x000001c323704b40
}

Java Threads: ( => current thread )
  0x000001c304d4dd80 JavaThread "Forwarding newSession on session null to remote"        [_thread_blocked, id=9908, stack(0x00000017ae200000,0x00000017ae300000) (1024K)]
  0x000001c31dbcfb30 JavaThread "Reference Handler"          daemon [_thread_blocked, id=13932, stack(0x00000017ae900000,0x00000017aea00000) (1024K)]
  0x000001c31dbd0ff0 JavaThread "Finalizer"                  daemon [_thread_blocked, id=6284, stack(0x00000017aea00000,0x00000017aeb00000) (1024K)]
  0x000001c31dc38170 JavaThread "Signal Dispatcher"          daemon [_thread_blocked, id=5804, stack(0x00000017aeb00000,0x00000017aec00000) (1024K)]
  0x000001c31dc38bd0 JavaThread "Attach Listener"            daemon [_thread_blocked, id=572, stack(0x00000017aec00000,0x00000017aed00000) (1024K)]
  0x000001c31dc39630 JavaThread "Service Thread"             daemon [_thread_blocked, id=12044, stack(0x00000017aed00000,0x00000017aee00000) (1024K)]
  0x000001c31dc26f30 JavaThread "Monitor Deflation Thread"   daemon [_thread_blocked, id=3792, stack(0x00000017aee00000,0x00000017aef00000) (1024K)]
  0x000001c31dc03fe0 JavaThread "C2 CompilerThread0"         daemon [_thread_in_native, id=13060, stack(0x00000017aef00000,0x00000017af000000) (1024K)]
  0x000001c31dc046a0 JavaThread "C1 CompilerThread0"         daemon [_thread_blocked, id=5900, stack(0x00000017af000000,0x00000017af100000) (1024K)]
  0x000001c31ddd76a0 JavaThread "Notification Thread"        daemon [_thread_blocked, id=17900, stack(0x00000017af100000,0x00000017af200000) (1024K)]
  0x000001c31dddf4f0 JavaThread "Common-Cleaner"             daemon [_thread_blocked, id=24212, stack(0x00000017af200000,0x00000017af300000) (1024K)]
  0x000001c322c89b00 JavaThread "ReaderThread"                      [_thread_in_native, id=19616, stack(0x00000017af400000,0x00000017af500000) (1024K)]
  0x000001c322e2d7a0 JavaThread "AsyncHttpClient-1-1"        daemon [_thread_blocked, id=2268, stack(0x00000017afe00000,0x00000017aff00000) (1024K)]
  0x000001c3236a27a0 JavaThread "Exec Default Executor"      daemon [_thread_in_native, id=16276, stack(0x00000017aff00000,0x00000017b0000000) (1024K)]
  0x000001c3236b74d0 JavaThread "Exec Stream Pumper"         daemon [_thread_in_native, id=15352, stack(0x00000017b0000000,0x00000017b0100000) (1024K)]
  0x000001c323702a70 JavaThread "Exec Stream Pumper"         daemon [_thread_in_native, id=3980, stack(0x00000017b0100000,0x00000017b0200000) (1024K)]
  0x000001c323705860 JavaThread "Driver Service Executor"    daemon [_thread_blocked, id=13108, stack(0x00000017b0200000,0x00000017b0300000) (1024K)]
  0x000001c3237044b0 JavaThread "Driver Service Executor"    daemon [_thread_blocked, id=17560, stack(0x00000017b0300000,0x00000017b0400000) (1024K)]
  0x000001c323703100 JavaThread "UrlChecker-2"               daemon [_thread_blocked, id=23600, stack(0x00000017b0400000,0x00000017b0500000) (1024K)]
=>0x000001c323704b40 JavaThread "AsyncHttpClient-1-2"        daemon [_thread_in_vm, id=10324, stack(0x00000017b0600000,0x00000017b0700000) (1024K)]
Total: 20

Other Threads:
  0x000001c31d528ad0 VMThread "VM Thread"                           [id=11984, stack(0x00000017ae800000,0x00000017ae900000) (1024K)]
  0x000001c31d4aa460 WatcherThread "VM Periodic Task Thread"        [id=5108, stack(0x00000017ae700000,0x00000017ae800000) (1024K)]
  0x000001c3070321f0 WorkerThread "GC Thread#0"                     [id=22200, stack(0x00000017ae000000,0x00000017ae100000) (1024K)]
  0x000001c322d83650 WorkerThread "GC Thread#1"                     [id=23548, stack(0x00000017af500000,0x00000017af600000) (1024K)]
  0x000001c322fcd960 WorkerThread "GC Thread#2"                     [id=21740, stack(0x00000017af600000,0x00000017af700000) (1024K)]
  0x000001c3231b2640 WorkerThread "GC Thread#3"                     [id=13528, stack(0x00000017af700000,0x00000017af800000) (1024K)]
  0x000001c3231e7030 WorkerThread "GC Thread#4"                     [id=8344, stack(0x00000017af800000,0x00000017af900000) (1024K)]
  0x000001c3231ee5c0 WorkerThread "GC Thread#5"                     [id=15892, stack(0x00000017af900000,0x00000017afa00000) (1024K)]
  0x000001c3231ee970 WorkerThread "GC Thread#6"                     [id=20364, stack(0x00000017afa00000,0x00000017afb00000) (1024K)]
  0x000001c3231ef530 WorkerThread "GC Thread#7"                     [id=10552, stack(0x00000017afb00000,0x00000017afc00000) (1024K)]
  0x000001c30703aaf0 ConcurrentGCThread "G1 Main Marker"            [id=24088, stack(0x00000017ae300000,0x00000017ae400000) (1024K)]
  0x000001c30703c3d0 WorkerThread "G1 Conc#0"                       [id=21888, stack(0x00000017ae400000,0x00000017ae500000) (1024K)]
  0x000001c322d6b710 WorkerThread "G1 Conc#1"                       [id=18420, stack(0x00000017afc00000,0x00000017afd00000) (1024K)]
  0x000001c3070778b0 ConcurrentGCThread "G1 Refine#0"               [id=13140, stack(0x00000017ae500000,0x00000017ae600000) (1024K)]
  0x000001c307078240 ConcurrentGCThread "G1 Service"                [id=5044, stack(0x00000017ae600000,0x00000017ae700000) (1024K)]
Total: 15

Threads with active compile tasks:
C2 CompilerThread0  35520 2435   !   4       java.util.zip.InflaterInputStream::read (129 bytes)
Total: 1

VM state: not at safepoint (normal execution)

VM Mutex/Monitor currently owned by a thread: None

Heap address: 0x00000000c3000000, size: 976 MB, Compressed Oops mode: 32-bit

CDS archive(s) not mapped
Compressed class space mapped at: 0x0000000007000000-0x0000000047000000, reserved size: 1073741824
Narrow klass base: 0x0000000000000000, Narrow klass shift: 0, Narrow klass range: 0x47000000

GC Precious Log:
 CardTable entry size: 512
 Card Set container configuration: InlinePtr #cards 5 size 8 Array Of Cards #cards 12 size 40 Howl #buckets 4 coarsen threshold 1843 Howl Bitmap #cards 512 size 80 coarsen threshold 460 Card regions per heap region 1 cards per card region 2048
 CPUs: 8 total, 8 available
 Memory: 3899M
 Large Page Support: Disabled
 NUMA Support: Disabled
 Compressed Oops: Enabled (32-bit)
 Heap Region Size: 1M
 Heap Min Capacity: 8M
 Heap Initial Capacity: 62M
 Heap Max Capacity: 976M
 Pre-touch: Disabled
 Parallel Workers: 8
 Concurrent Workers: 2
 Concurrent Refinement Workers: 8
 Periodic GC: Disabled

Heap:
 garbage-first heap   total reserved 999424K, committed 37888K, used 19244K [0x00000000c3000000, 0x0000000100000000)
  region size 1024K, 3 young (3072K), 2 survivors (2048K)
 Metaspace       used 33543K, committed 33792K, reserved 1114112K
  class space    used 3764K, committed 3904K, reserved 1048576K

Heap Regions: E=young(eden), S=young(survivor), O=old, HS=humongous(starts), HC=humongous(continues), CS=collection set, F=free, TAMS=top-at-mark-start, PB=parsable bottom
|   0|0x00000000c3000000, 0x00000000c3100000, 0x00000000c3100000|100%| O|  |TAMS 0x00000000c3000000| PB 0x00000000c3000000| Untracked |  0
|   1|0x00000000c3100000, 0x00000000c3200000, 0x00000000c3200000|100%| O|  |TAMS 0x00000000c3100000| PB 0x00000000c3100000| Untracked |  0
|   2|0x00000000c3200000, 0x00000000c3300000, 0x00000000c3300000|100%| O|  |TAMS 0x00000000c3200000| PB 0x00000000c3200000| Untracked |  0
|   3|0x00000000c3300000, 0x00000000c3400000, 0x00000000c3400000|100%| O|  |TAMS 0x00000000c3300000| PB 0x00000000c3300000| Untracked |  0
|   4|0x00000000c3400000, 0x00000000c3500000, 0x00000000c3500000|100%| O|  |TAMS 0x00000000c3400000| PB 0x00000000c3400000| Untracked |  0
|   5|0x00000000c3500000, 0x00000000c3600000, 0x00000000c3600000|100%| O|  |TAMS 0x00000000c3500000| PB 0x00000000c3500000| Untracked |  0
|   6|0x00000000c3600000, 0x00000000c3700000, 0x00000000c3700000|100%| O|  |TAMS 0x00000000c3600000| PB 0x00000000c3600000| Untracked |  0
|   7|0x00000000c3700000, 0x00000000c3800000, 0x00000000c3800000|100%| O|  |TAMS 0x00000000c3700000| PB 0x00000000c3700000| Untracked |  0
|   8|0x00000000c3800000, 0x00000000c3800000, 0x00000000c3900000|  0%| F|  |TAMS 0x00000000c3800000| PB 0x00000000c3800000| Untracked |  0
|   9|0x00000000c3900000, 0x00000000c3a00000, 0x00000000c3a00000|100%| O|  |TAMS 0x00000000c3900000| PB 0x00000000c3900000| Untracked |  0
|  10|0x00000000c3a00000, 0x00000000c3b00000, 0x00000000c3b00000|100%| O|  |TAMS 0x00000000c3a00000| PB 0x00000000c3a00000| Untracked |  0
|  11|0x00000000c3b00000, 0x00000000c3c00000, 0x00000000c3c00000|100%| O|  |TAMS 0x00000000c3b00000| PB 0x00000000c3b00000| Untracked |  0
|  12|0x00000000c3c00000, 0x00000000c3c00000, 0x00000000c3d00000|  0%| F|  |TAMS 0x00000000c3c00000| PB 0x00000000c3c00000| Untracked |  0
|  13|0x00000000c3d00000, 0x00000000c3d00000, 0x00000000c3e00000|  0%| F|  |TAMS 0x00000000c3d00000| PB 0x00000000c3d00000| Untracked |  0
|  14|0x00000000c3e00000, 0x00000000c3e00000, 0x00000000c3f00000|  0%| F|  |TAMS 0x00000000c3e00000| PB 0x00000000c3e00000| Untracked |  0
|  15|0x00000000c3f00000, 0x00000000c4000000, 0x00000000c4000000|100%| O|  |TAMS 0x00000000c3f00000| PB 0x00000000c3f00000| Untracked |  0
|  16|0x00000000c4000000, 0x00000000c402cae0, 0x00000000c4100000| 17%| O|  |TAMS 0x00000000c4000000| PB 0x00000000c4000000| Untracked |  0
|  17|0x00000000c4100000, 0x00000000c4200000, 0x00000000c4200000|100%|HS|  |TAMS 0x00000000c4100000| PB 0x00000000c4100000| Complete |  0
|  18|0x00000000c4200000, 0x00000000c4300000, 0x00000000c4300000|100%|HC|  |TAMS 0x00000000c4200000| PB 0x00000000c4200000| Complete |  0
|  19|0x00000000c4300000, 0x00000000c4400000, 0x00000000c4400000|100%|HC|  |TAMS 0x00000000c4300000| PB 0x00000000c4300000| Complete |  0
|  20|0x00000000c4400000, 0x00000000c4500000, 0x00000000c4500000|100%|HC|  |TAMS 0x00000000c4400000| PB 0x00000000c4400000| Complete |  0
|  21|0x00000000c4500000, 0x00000000c4600000, 0x00000000c4600000|100%|HC|  |TAMS 0x00000000c4500000| PB 0x00000000c4500000| Complete |  0
|  22|0x00000000c4600000, 0x00000000c4600000, 0x00000000c4700000|  0%| F|  |TAMS 0x00000000c4600000| PB 0x00000000c4600000| Untracked |  0
|  23|0x00000000c4700000, 0x00000000c4700000, 0x00000000c4800000|  0%| F|  |TAMS 0x00000000c4700000| PB 0x00000000c4700000| Untracked |  0
|  24|0x00000000c4800000, 0x00000000c4800000, 0x00000000c4900000|  0%| F|  |TAMS 0x00000000c4800000| PB 0x00000000c4800000| Untracked |  0
|  25|0x00000000c4900000, 0x00000000c4900000, 0x00000000c4a00000|  0%| F|  |TAMS 0x00000000c4900000| PB 0x00000000c4900000| Untracked |  0
|  26|0x00000000c4a00000, 0x00000000c4a00000, 0x00000000c4b00000|  0%| F|  |TAMS 0x00000000c4a00000| PB 0x00000000c4a00000| Untracked |  0
|  27|0x00000000c4b00000, 0x00000000c4b00000, 0x00000000c4c00000|  0%| F|  |TAMS 0x00000000c4b00000| PB 0x00000000c4b00000| Untracked |  0
|  28|0x00000000c4c00000, 0x00000000c4c00000, 0x00000000c4d00000|  0%| F|  |TAMS 0x00000000c4c00000| PB 0x00000000c4c00000| Untracked |  0
|  29|0x00000000c4d00000, 0x00000000c4d00000, 0x00000000c4e00000|  0%| F|  |TAMS 0x00000000c4d00000| PB 0x00000000c4d00000| Untracked |  0
|  30|0x00000000c4e00000, 0x00000000c4e00000, 0x00000000c4f00000|  0%| F|  |TAMS 0x00000000c4e00000| PB 0x00000000c4e00000| Untracked |  0
|  31|0x00000000c4f00000, 0x00000000c4f00000, 0x00000000c5000000|  0%| F|  |TAMS 0x00000000c4f00000| PB 0x00000000c4f00000| Untracked |  0
|  32|0x00000000c5000000, 0x00000000c5000000, 0x00000000c5100000|  0%| F|  |TAMS 0x00000000c5000000| PB 0x00000000c5000000| Untracked |  0
|  33|0x00000000c5100000, 0x00000000c519e780, 0x00000000c5200000| 61%| S|CS|TAMS 0x00000000c5100000| PB 0x00000000c5100000| Complete |  0
|  42|0x00000000c5a00000, 0x00000000c5b00000, 0x00000000c5b00000|100%| S|CS|TAMS 0x00000000c5a00000| PB 0x00000000c5a00000| Complete |  0
|  43|0x00000000c5b00000, 0x00000000c5b00000, 0x00000000c5c00000|  0%| F|  |TAMS 0x00000000c5b00000| PB 0x00000000c5b00000| Untracked |  0
|  61|0x00000000c6d00000, 0x00000000c6da6600, 0x00000000c6e00000| 64%| E|  |TAMS 0x00000000c6d00000| PB 0x00000000c6d00000| Complete |  0

Card table byte_map: [0x000001c319fe0000,0x000001c31a1d0000] _byte_map_base: 0x000001c3199c8000

Marking Bits: (CMBitMap*) 0x000001c307032810
 Bits: [0x000001c31a1d0000, 0x000001c31b110000)

Polling page: 0x000001c306780000

Metaspace:

Usage:
  Non-class:     29.08 MB used.
      Class:      3.68 MB used.
       Both:     32.76 MB used.

Virtual space:
  Non-class space:       64.00 MB reserved,      29.19 MB ( 46%) committed,  1 nodes.
      Class space:        1.00 GB reserved,       3.81 MB ( <1%) committed,  1 nodes.
             Both:        1.06 GB reserved,      33.00 MB (  3%) committed. 

Chunk freelists:
   Non-Class:  1.88 MB
       Class:  12.08 MB
        Both:  13.95 MB

MaxMetaspaceSize: unlimited
CompressedClassSpaceSize: 1.00 GB
Initial GC threshold: 21.00 MB
Current GC threshold: 35.12 MB
CDS: off
 - commit_granule_bytes: 65536.
 - commit_granule_words: 8192.
 - virtual_space_node_default_size: 8388608.
 - enlarge_chunks_in_place: 1.
 - use_allocation_guard: 0.


Internal statistics:

num_allocs_failed_limit: 3.
num_arena_births: 272.
num_arena_deaths: 0.
num_vsnodes_births: 2.
num_vsnodes_deaths: 0.
num_space_committed: 528.
num_space_uncommitted: 0.
num_chunks_returned_to_freelist: 3.
num_chunks_taken_from_freelist: 899.
num_chunk_merges: 3.
num_chunk_splits: 602.
num_chunks_enlarged: 465.
num_inconsistent_stats: 0.

CodeHeap 'non-profiled nmethods': size=120000Kb used=993Kb max_used=993Kb free=119006Kb
 bounds [0x000001c312580000, 0x000001c3127f0000, 0x000001c319ab0000]
CodeHeap 'profiled nmethods': size=120000Kb used=4606Kb max_used=4606Kb free=115393Kb
 bounds [0x000001c30aab0000, 0x000001c30af30000, 0x000001c311fe0000]
CodeHeap 'non-nmethods': size=5760Kb used=1605Kb max_used=1684Kb free=4154Kb
 bounds [0x000001c311fe0000, 0x000001c312250000, 0x000001c312580000]
 total_blobs=3089 nmethods=2436 adapters=557
 compilation: enabled
              stopped_count=0, restarted_count=0
 full_count=0

Compilation events (20 events):
Event: 33.863 Thread 0x000001c31dc046a0 2428       3       io.netty.util.internal.shaded.org.jctools.queues.MpscUnboundedArrayQueue::poll (5 bytes)
Event: 33.864 Thread 0x000001c31dc046a0 nmethod 2428 0x000001c30af29590 code [0x000001c30af29740, 0x000001c30af29880]
Event: 33.864 Thread 0x000001c31dc046a0 2429       3       io.netty.util.internal.shaded.org.jctools.queues.BaseMpscLinkedArrayQueue::poll (108 bytes)
Event: 33.866 Thread 0x000001c31dc046a0 nmethod 2429 0x000001c30af29910 code [0x000001c30af29b60, 0x000001c30af2a370]
Event: 34.746 Thread 0x000001c31dc03fe0 2430       4       java.util.concurrent.locks.AbstractQueuedSynchronizer::signalNext (34 bytes)
Event: 34.749 Thread 0x000001c31dc03fe0 nmethod 2430 0x000001c312677a90 code [0x000001c312677c20, 0x000001c312677d08]
Event: 34.759 Thread 0x000001c31dc046a0 2431       1       io.netty.util.HashedWheelTimer::access$1000 (5 bytes)
Event: 34.760 Thread 0x000001c31dc046a0 nmethod 2431 0x000001c312677e10 code [0x000001c312677fa0, 0x000001c312678050]
Event: 34.768 Thread 0x000001c31dc046a0 2432       3       io.netty.util.internal.MathUtil::isOutOfBounds (24 bytes)
Event: 34.768 Thread 0x000001c31dc046a0 nmethod 2432 0x000001c30af2a690 code [0x000001c30af2a820, 0x000001c30af2a970]
Event: 34.777 Thread 0x000001c31dc03fe0 2433   !   4       java.io.RandomAccessFile::seek (42 bytes)
Event: 34.778 Thread 0x000001c31dc046a0 2434       3       io.netty.util.AsciiString::<init> (131 bytes)
Event: 34.781 Thread 0x000001c31dc046a0 nmethod 2434 0x000001c30af2aa10 code [0x000001c30af2ad40, 0x000001c30af2bd98]
Event: 34.782 Thread 0x000001c31dc046a0 2436       3       org.apache.logging.log4j.util.PropertySource$Util::tokenize (122 bytes)
Event: 34.783 Thread 0x000001c31dc03fe0 nmethod 2433 0x000001c312678110 code [0x000001c3126782a0, 0x000001c3126783f0]
Event: 34.783 Thread 0x000001c31dc03fe0 2435   !   4       java.util.zip.InflaterInputStream::read (129 bytes)
Event: 34.787 Thread 0x000001c31dc046a0 nmethod 2436 0x000001c30af2c390 code [0x000001c30af2c7c0, 0x000001c30af2e280]
Event: 34.809 Thread 0x000001c31dc046a0 2437       3       jdk.internal.misc.Unsafe::weakCompareAndSetInt (11 bytes)
Event: 34.809 Thread 0x000001c31dc046a0 nmethod 2437 0x000001c30af2ec90 code [0x000001c30af2ee20, 0x000001c30af2ef48]
Event: 34.818 Thread 0x000001c31dc046a0 2438       3       java.lang.Module::allows (60 bytes)

GC Heap History (10 events):
Event: 3.416 GC heap before
{Heap before GC invocations=0 (full 0):
 garbage-first heap   total reserved 999424K, committed 63488K, used 23552K [0x00000000c3000000, 0x0000000100000000)
  region size 1024K, 24 young (24576K), 0 survivors (0K)
 Metaspace       used 16175K, committed 16320K, reserved 1114112K
  class space    used 1598K, committed 1664K, reserved 1048576K
}
Event: 3.433 GC heap after
{Heap after GC invocations=1 (full 0):
 garbage-first heap   total reserved 999424K, committed 63488K, used 8096K [0x00000000c3000000, 0x0000000100000000)
  region size 1024K, 3 young (3072K), 3 survivors (3072K)
 Metaspace       used 16175K, committed 16320K, reserved 1114112K
  class space    used 1598K, committed 1664K, reserved 1048576K
}
Event: 21.112 GC heap before
{Heap before GC invocations=1 (full 0):
 garbage-first heap   total reserved 999424K, committed 63488K, used 24480K [0x00000000c3000000, 0x0000000100000000)
  region size 1024K, 21 young (21504K), 3 survivors (3072K)
 Metaspace       used 21253K, committed 21504K, reserved 1114112K
  class space    used 2249K, committed 2368K, reserved 1048576K
}
Event: 21.131 GC heap after
{Heap after GC invocations=2 (full 0):
 garbage-first heap   total reserved 999424K, committed 63488K, used 9848K [0x00000000c3000000, 0x0000000100000000)
  region size 1024K, 2 young (2048K), 2 survivors (2048K)
 Metaspace       used 21253K, committed 21504K, reserved 1114112K
  class space    used 2249K, committed 2368K, reserved 1048576K
}
Event: 22.814 GC heap before
{Heap before GC invocations=3 (full 0):
 garbage-first heap   total reserved 999424K, committed 37888K, used 29304K [0x00000000c3000000, 0x0000000100000000)
  region size 1024K, 22 young (22528K), 2 survivors (2048K)
 Metaspace       used 28071K, committed 28352K, reserved 1114112K
  class space    used 3018K, committed 3136K, reserved 1048576K
}
Event: 22.823 GC heap after
{Heap after GC invocations=4 (full 0):
 garbage-first heap   total reserved 999424K, committed 37888K, used 12537K [0x00000000c3000000, 0x0000000100000000)
  region size 1024K, 3 young (3072K), 3 survivors (3072K)
 Metaspace       used 28071K, committed 28352K, reserved 1114112K
  class space    used 3018K, committed 3136K, reserved 1048576K
}
Event: 24.770 GC heap before
{Heap before GC invocations=4 (full 0):
 garbage-first heap   total reserved 999424K, committed 37888K, used 27897K [0x00000000c3000000, 0x0000000100000000)
  region size 1024K, 18 young (18432K), 3 survivors (3072K)
 Metaspace       used 33025K, committed 33344K, reserved 1114112K
  class space    used 3677K, committed 3840K, reserved 1048576K
}
Event: 24.781 GC heap after
{Heap after GC invocations=5 (full 0):
 garbage-first heap   total reserved 999424K, committed 37888K, used 13995K [0x00000000c3000000, 0x0000000100000000)
  region size 1024K, 2 young (2048K), 2 survivors (2048K)
 Metaspace       used 33025K, committed 33344K, reserved 1114112K
  class space    used 3677K, committed 3840K, reserved 1048576K
}
Event: 24.873 GC heap before
{Heap before GC invocations=5 (full 0):
 garbage-first heap   total reserved 999424K, committed 37888K, used 15019K [0x00000000c3000000, 0x0000000100000000)
  region size 1024K, 4 young (4096K), 2 survivors (2048K)
 Metaspace       used 33375K, committed 33728K, reserved 1114112K
  class space    used 3733K, committed 3904K, reserved 1048576K
}
Event: 24.877 GC heap after
{Heap after GC invocations=6 (full 0):
 garbage-first heap   total reserved 999424K, committed 37888K, used 14124K [0x00000000c3000000, 0x0000000100000000)
  region size 1024K, 2 young (2048K), 2 survivors (2048K)
 Metaspace       used 33375K, committed 33728K, reserved 1114112K
  class space    used 3733K, committed 3904K, reserved 1048576K
}

Dll operation events (11 events):
Event: 0.067 Loaded shared library C:\Users\HP\.p2\pool\plugins\org.eclipse.justj.openjdk.hotspot.jre.full.win32.x86_64_22.0.2.v20240802-1626\jre\bin\java.dll
Event: 0.095 Loaded shared library C:\Users\HP\.p2\pool\plugins\org.eclipse.justj.openjdk.hotspot.jre.full.win32.x86_64_22.0.2.v20240802-1626\jre\bin\zip.dll
Event: 0.630 Loaded shared library C:\Users\HP\.p2\pool\plugins\org.eclipse.justj.openjdk.hotspot.jre.full.win32.x86_64_22.0.2.v20240802-1626\jre\bin\net.dll
Event: 0.653 Loaded shared library C:\Users\HP\.p2\pool\plugins\org.eclipse.justj.openjdk.hotspot.jre.full.win32.x86_64_22.0.2.v20240802-1626\jre\bin\nio.dll
Event: 0.686 Loaded shared library C:\Users\HP\.p2\pool\plugins\org.eclipse.justj.openjdk.hotspot.jre.full.win32.x86_64_22.0.2.v20240802-1626\jre\bin\zip.dll
Event: 1.135 Loaded shared library C:\Users\HP\.p2\pool\plugins\org.eclipse.justj.openjdk.hotspot.jre.full.win32.x86_64_22.0.2.v20240802-1626\jre\bin\jimage.dll
Event: 1.801 Loaded shared library C:\Users\HP\.p2\pool\plugins\org.eclipse.justj.openjdk.hotspot.jre.full.win32.x86_64_22.0.2.v20240802-1626\jre\bin\extnet.dll
Event: 4.794 Loaded shared library C:\Users\HP\.p2\pool\plugins\org.eclipse.justj.openjdk.hotspot.jre.full.win32.x86_64_22.0.2.v20240802-1626\jre\bin\verify.dll
Event: 21.853 Loaded shared library C:\Users\HP\.p2\pool\plugins\org.eclipse.justj.openjdk.hotspot.jre.full.win32.x86_64_22.0.2.v20240802-1626\jre\bin\management.dll
Event: 21.885 Loaded shared library C:\Users\HP\.p2\pool\plugins\org.eclipse.justj.openjdk.hotspot.jre.full.win32.x86_64_22.0.2.v20240802-1626\jre\bin\management_ext.dll
Event: 22.687 Loaded shared library C:\Users\HP\.p2\pool\plugins\org.eclipse.justj.openjdk.hotspot.jre.full.win32.x86_64_22.0.2.v20240802-1626\jre\bin\sunmscapi.dll

Deoptimization events (20 events):
Event: 24.229 Thread 0x000001c304d4dd80 DEOPT PACKING pc=0x000001c312635fd0 sp=0x00000017ae2fce40
Event: 24.229 Thread 0x000001c304d4dd80 DEOPT UNPACKING pc=0x000001c3120346a2 sp=0x00000017ae2fcd70 mode 2
Event: 24.229 Thread 0x000001c304d4dd80 Uncommon trap: trap_request=0xffffffc6 fr.pc=0x000001c312635fd0 relative=0x0000000000000430
Event: 24.229 Thread 0x000001c304d4dd80 Uncommon trap: reason=bimorphic_or_optimized_type_check action=maybe_recompile pc=0x000001c312635fd0 method=java.util.regex.Pattern$BmpCharProperty.match(Ljava/util/regex/Matcher;ILjava/lang/CharSequence;)Z @ 19 c2
Event: 24.229 Thread 0x000001c304d4dd80 DEOPT PACKING pc=0x000001c312635fd0 sp=0x00000017ae2fce40
Event: 24.229 Thread 0x000001c304d4dd80 DEOPT UNPACKING pc=0x000001c3120346a2 sp=0x00000017ae2fcd70 mode 2
Event: 24.229 Thread 0x000001c304d4dd80 Uncommon trap: trap_request=0xffffffc6 fr.pc=0x000001c312635fd0 relative=0x0000000000000430
Event: 24.229 Thread 0x000001c304d4dd80 Uncommon trap: reason=bimorphic_or_optimized_type_check action=maybe_recompile pc=0x000001c312635fd0 method=java.util.regex.Pattern$BmpCharProperty.match(Ljava/util/regex/Matcher;ILjava/lang/CharSequence;)Z @ 19 c2
Event: 24.229 Thread 0x000001c304d4dd80 DEOPT PACKING pc=0x000001c312635fd0 sp=0x00000017ae2fce40
Event: 24.229 Thread 0x000001c304d4dd80 DEOPT UNPACKING pc=0x000001c3120346a2 sp=0x00000017ae2fcd70 mode 2
Event: 24.422 Thread 0x000001c304d4dd80 DEOPT PACKING pc=0x000001c30aee537a sp=0x00000017ae2faea0
Event: 24.422 Thread 0x000001c304d4dd80 DEOPT UNPACKING pc=0x000001c312034e42 sp=0x00000017ae2fa328 mode 0
Event: 24.624 Thread 0x000001c304d4dd80 DEOPT PACKING pc=0x000001c30aee537a sp=0x00000017ae2fb970
Event: 24.624 Thread 0x000001c304d4dd80 DEOPT UNPACKING pc=0x000001c312034e42 sp=0x00000017ae2fadf8 mode 0
Event: 24.696 Thread 0x000001c323704b40 Uncommon trap: trap_request=0xffffff45 fr.pc=0x000001c31260b1e4 relative=0x0000000000000064
Event: 24.696 Thread 0x000001c323704b40 Uncommon trap: reason=unstable_if action=reinterpret pc=0x000001c31260b1e4 method=java.lang.CharacterData.of(I)Ljava/lang/CharacterData; @ 15 c2
Event: 24.696 Thread 0x000001c323704b40 DEOPT PACKING pc=0x000001c31260b1e4 sp=0x00000017b06fd990
Event: 24.696 Thread 0x000001c323704b40 DEOPT UNPACKING pc=0x000001c3120346a2 sp=0x00000017b06fd918 mode 2
Event: 24.865 Thread 0x000001c323704b40 DEOPT PACKING pc=0x000001c30aee537a sp=0x00000017b06fcfe0
Event: 24.865 Thread 0x000001c323704b40 DEOPT UNPACKING pc=0x000001c312034e42 sp=0x00000017b06fc468 mode 0

Classes loaded (20 events):
Event: 24.696 Loading class java/lang/CharacterDataUndefined
Event: 24.696 Loading class java/lang/CharacterDataUndefined done
Event: 24.791 Loading class java/nio/channels/UnsupportedAddressTypeException
Event: 24.791 Loading class java/nio/channels/UnsupportedAddressTypeException done
Event: 24.803 Loading class java/nio/channels/spi/AbstractSelector$1
Event: 24.803 Loading class java/nio/channels/spi/AbstractSelector$1 done
Event: 24.821 Loading class java/io/PushbackInputStream
Event: 24.822 Loading class java/io/PushbackInputStream done
Event: 24.862 Loading class java/nio/charset/IllegalCharsetNameException
Event: 24.862 Loading class java/nio/charset/IllegalCharsetNameException done
Event: 24.862 Loading class java/nio/charset/UnsupportedCharsetException
Event: 24.862 Loading class java/nio/charset/UnsupportedCharsetException done
Event: 24.883 Loading class sun/nio/ch/IOVecWrapper
Event: 24.883 Loading class sun/nio/ch/IOVecWrapper done
Event: 24.883 Loading class sun/nio/ch/AllocatedNativeObject
Event: 24.883 Loading class sun/nio/ch/NativeObject
Event: 24.884 Loading class sun/nio/ch/NativeObject done
Event: 24.884 Loading class sun/nio/ch/AllocatedNativeObject done
Event: 24.884 Loading class sun/nio/ch/IOVecWrapper$Deallocator
Event: 24.885 Loading class sun/nio/ch/IOVecWrapper$Deallocator done

Classes unloaded (0 events):
No events

Classes redefined (0 events):
No events

Internal exceptions (20 events):
Event: 21.624 Thread 0x000001c304d4dd80 Exception <a 'java/lang/NoSuchMethodError'{0x00000000c4efcee0}: 'java.lang.Object java.lang.invoke.Invokers$Holder.linkToTargetMethod(java.lang.Object, java.lang.Object, int, java.lang.Object, java.lang.Object)'> (0x00000000c4efcee0) 
thrown [s\src\hotspot\share\interpreter\linkResolver.cpp, line 774]
Event: 21.672 Thread 0x000001c304d4dd80 Implicit null exception at 0x000001c3126204a0 to 0x000001c312621470
Event: 22.247 Thread 0x000001c304d4dd80 Exception <a 'sun/nio/fs/WindowsException'{0x00000000c485a280}> (0x00000000c485a280) 
thrown [s\src\hotspot\share\prims\jni.cpp, line 520]
Event: 23.345 Thread 0x000001c304d4dd80 Exception <a 'java/lang/NoSuchMethodError'{0x00000000c4f31488}: 'java.lang.Object java.lang.invoke.DirectMethodHandle$Holder.invokeInterface(java.lang.Object, java.lang.Object, java.lang.Object)'> (0x00000000c4f31488) 
thrown [s\src\hotspot\share\interpreter\linkResolver.cpp, line 774]
Event: 23.346 Thread 0x000001c304d4dd80 Exception <a 'java/lang/IncompatibleClassChangeError'{0x00000000c4f34880}: Found class java.lang.Object, but interface was expected> (0x00000000c4f34880) 
thrown [s\src\hotspot\share\interpreter\linkResolver.cpp, line 841]
Event: 23.350 Thread 0x000001c304d4dd80 Exception <a 'java/lang/NoSuchMethodError'{0x00000000c4f3c2f0}: 'int java.lang.invoke.DirectMethodHandle$Holder.invokeSpecialIFC(java.lang.Object, java.lang.Object, java.lang.Object, java.lang.Object)'> (0x00000000c4f3c2f0) 
thrown [s\src\hotspot\share\interpreter\linkResolver.cpp, line 774]
Event: 23.508 Thread 0x000001c323703100 Exception <a 'java/net/ConnectException'{0x00000000c4e1d678}: Connection refused: getsockopt> (0x00000000c4e1d678) 
thrown [s\src\hotspot\share\prims\jni.cpp, line 539]
Event: 23.527 Thread 0x000001c323703100 Exception <a 'java/net/ConnectException'{0x00000000c4e1e648}: Connection refused: getsockopt> (0x00000000c4e1e648) 
thrown [s\src\hotspot\share\prims\jni.cpp, line 539]
Event: 23.558 Thread 0x000001c323703100 Exception <a 'java/net/ConnectException'{0x00000000c4e1f558}: Connection refused: getsockopt> (0x00000000c4e1f558) 
thrown [s\src\hotspot\share\prims\jni.cpp, line 539]
Event: 23.599 Thread 0x000001c323703100 Exception <a 'java/net/ConnectException'{0x00000000c4e20468}: Connection refused: getsockopt> (0x00000000c4e20468) 
thrown [s\src\hotspot\share\prims\jni.cpp, line 539]
Event: 23.683 Thread 0x000001c323703100 Exception <a 'java/net/ConnectException'{0x00000000c4e21378}: Connection refused: getsockopt> (0x00000000c4e21378) 
thrown [s\src\hotspot\share\prims\jni.cpp, line 539]
Event: 23.855 Thread 0x000001c323703100 Exception <a 'java/net/ConnectException'{0x00000000c4e22288}: Connection refused: getsockopt> (0x00000000c4e22288) 
thrown [s\src\hotspot\share\prims\jni.cpp, line 539]
Event: 24.273 Thread 0x000001c304d4dd80 Exception <a 'java/lang/NoSuchMethodError'{0x00000000c4d21178}: 'java.lang.Object java.lang.invoke.DirectMethodHandle$Holder.newInvokeSpecial(java.lang.Object, java.lang.Object, int, int)'> (0x00000000c4d21178) 
thrown [s\src\hotspot\share\interpreter\linkResolver.cpp, line 774]
Event: 24.277 Thread 0x000001c304d4dd80 Exception <a 'java/lang/NoSuchMethodError'{0x00000000c4d2b4c8}: 'void java.lang.invoke.DirectMethodHandle$Holder.invokeStatic(java.lang.Object, java.lang.Object, int)'> (0x00000000c4d2b4c8) 
thrown [s\src\hotspot\share\interpreter\linkResolver.cpp, line 774]
Event: 24.301 Thread 0x000001c304d4dd80 Exception <a 'java/lang/NoSuchMethodError'{0x00000000c4dc6030}: 'java.lang.Object java.lang.invoke.DirectMethodHandle$Holder.newInvokeSpecial(java.lang.Object, java.lang.Object, java.lang.Object, java.lang.Object, java.lang.Object)'> (0x00000000c4dc6030) 
thrown [s\src\hotspot\share\interpreter\linkResolver.cpp, line 774]
Event: 24.357 Thread 0x000001c304d4dd80 Exception <a 'java/lang/NoSuchMethodError'{0x00000000c4cf4bc8}: 'int java.lang.invoke.DirectMethodHandle$Holder.invokeSpecialIFC(java.lang.Object, java.lang.Object, java.lang.Object)'> (0x00000000c4cf4bc8) 
thrown [s\src\hotspot\share\interpreter\linkResolver.cpp, line 774]
Event: 24.458 Thread 0x000001c304d4dd80 Exception <a 'java/lang/NoSuchMethodError'{0x00000000c4ade0e0}: 'java.lang.Object java.lang.invoke.DirectMethodHandle$Holder.invokeVirtual(java.lang.Object, java.lang.Object, java.lang.Object, java.lang.Object)'> (0x00000000c4ade0e0) 
thrown [s\src\hotspot\share\interpreter\linkResolver.cpp, line 774]
Event: 24.533 Thread 0x000001c304d4dd80 Exception <a 'java/lang/NoSuchMethodError'{0x00000000c49d35b8}: 'void java.lang.invoke.DirectMethodHandle$Holder.invokeSpecial(java.lang.Object, java.lang.Object, java.lang.Object, java.lang.Object, java.lang.Object, java.lang.Object)'> (0x00000000c49d35b8) 
thrown [s\src\hotspot\share\interpreter\linkResolver.cpp, line 774]
Event: 24.562 Thread 0x000001c304d4dd80 Exception <a 'java/lang/NoSuchMethodError'{0x00000000c485f688}: 'long java.lang.invoke.DirectMethodHandle$Holder.invokeInterface(java.lang.Object, java.lang.Object)'> (0x00000000c485f688) 
thrown [s\src\hotspot\share\interpreter\linkResolver.cpp, line 774]
Event: 24.563 Thread 0x000001c304d4dd80 Exception <a 'java/lang/NoSuchMethodError'{0x00000000c4863ec8}: 'long java.lang.invoke.DelegatingMethodHandle$Holder.reinvoke_L(java.lang.Object, java.lang.Object)'> (0x00000000c4863ec8) 
thrown [s\src\hotspot\share\interpreter\linkResolver.cpp, line 774]

ZGC Phase Switch (0 events):
No events

VM Operations (20 events):
Event: 22.200 Executing VM operation: Cleanup
Event: 22.200 Executing VM operation: Cleanup done
Event: 22.252 Executing VM operation: HandshakeAllThreads (Deoptimize)
Event: 22.252 Executing VM operation: HandshakeAllThreads (Deoptimize) done
Event: 22.707 Executing VM operation: HandshakeAllThreads (Deoptimize)
Event: 22.707 Executing VM operation: HandshakeAllThreads (Deoptimize) done
Event: 22.814 Executing VM operation: G1CollectForAllocation (G1 Evacuation Pause)
Event: 22.823 Executing VM operation: G1CollectForAllocation (G1 Evacuation Pause) done
Event: 23.837 Executing VM operation: Cleanup
Event: 23.837 Executing VM operation: Cleanup done
Event: 24.190 Executing VM operation: HandshakeAllThreads (Deoptimize)
Event: 24.190 Executing VM operation: HandshakeAllThreads (Deoptimize) done
Event: 24.195 Executing VM operation: HandshakeAllThreads (Deoptimize)
Event: 24.195 Executing VM operation: HandshakeAllThreads (Deoptimize) done
Event: 24.770 Executing VM operation: G1CollectForAllocation (G1 Evacuation Pause)
Event: 24.781 Executing VM operation: G1CollectForAllocation (G1 Evacuation Pause) done
Event: 24.872 Executing VM operation: G1TryInitiateConcMark (G1 Humongous Allocation)
Event: 24.877 Executing VM operation: G1TryInitiateConcMark (G1 Humongous Allocation) done
Event: 25.888 Executing VM operation: Cleanup
Event: 25.888 Executing VM operation: Cleanup done

Memory protections (0 events):
No events

Nmethod flushes (0 events):
No events

Events (20 events):
Event: 0.596 Thread 0x000001c304d4dd80 Thread added: 0x000001c31dddf4f0
Event: 1.826 Thread 0x000001c304d4dd80 Thread added: 0x000001c322c89b00
Event: 4.823 Thread 0x000001c304d4dd80 Thread added: 0x000001c3233990c0
Event: 16.611 Thread 0x000001c3233990c0 Thread added: 0x000001c323582260
Event: 16.611 Thread 0x000001c3233990c0 Thread added: 0x000001c3235828d0
Event: 20.748 Thread 0x000001c323582260 Thread exited: 0x000001c323582260
Event: 20.748 Thread 0x000001c3235828d0 Thread exited: 0x000001c3235828d0
Event: 20.753 Thread 0x000001c3233990c0 Thread exited: 0x000001c3233990c0
Event: 21.159 Thread 0x000001c304d4dd80 Thread added: 0x000001c3231e6820
Event: 21.957 Thread 0x000001c304d4dd80 Thread added: 0x000001c322e2d7a0
Event: 23.358 Thread 0x000001c304d4dd80 Thread added: 0x000001c3236a27a0
Event: 23.443 Thread 0x000001c3236a27a0 Thread added: 0x000001c3236b74d0
Event: 23.444 Thread 0x000001c3236a27a0 Thread added: 0x000001c323702a70
Event: 23.475 Thread 0x000001c304d4dd80 Thread added: 0x000001c323705860
Event: 23.477 Thread 0x000001c304d4dd80 Thread added: 0x000001c3237044b0
Event: 23.488 Thread 0x000001c323705860 Thread added: 0x000001c323703100
Event: 24.194 Thread 0x000001c323703100 Thread added: 0x000001c323703e20
Event: 24.665 Thread 0x000001c304d4dd80 Thread added: 0x000001c323704b40
Event: 29.749 Thread 0x000001c3231e6820 Thread exited: 0x000001c3231e6820
Event: 34.205 Thread 0x000001c323703e20 Thread exited: 0x000001c323703e20


Dynamic libraries:
0x00007ff666120000 - 0x00007ff66612e000 	C:\Users\HP\.p2\pool\plugins\org.eclipse.justj.openjdk.hotspot.jre.full.win32.x86_64_22.0.2.v20240802-1626\jre\bin\javaw.exe
0x00007ffa04650000 - 0x00007ffa04867000 	C:\WINDOWS\SYSTEM32\ntdll.dll
0x00007ffa032c0000 - 0x00007ffa03384000 	C:\WINDOWS\System32\KERNEL32.DLL
0x00007ffa01c00000 - 0x00007ffa01fb9000 	C:\WINDOWS\System32\KERNELBASE.dll
0x00007ffa02130000 - 0x00007ffa02241000 	C:\WINDOWS\System32\ucrtbase.dll
0x00007ff9e8380000 - 0x00007ff9e8397000 	C:\Users\HP\.p2\pool\plugins\org.eclipse.justj.openjdk.hotspot.jre.full.win32.x86_64_22.0.2.v20240802-1626\jre\bin\jli.dll
0x00007ffa037e0000 - 0x00007ffa0398e000 	C:\WINDOWS\System32\USER32.dll
0x00007ffa019f0000 - 0x00007ffa01a16000 	C:\WINDOWS\System32\win32u.dll
0x00007ffa03bf0000 - 0x00007ffa03c19000 	C:\WINDOWS\System32\GDI32.dll
0x00007ffa01ae0000 - 0x00007ffa01bfb000 	C:\WINDOWS\System32\gdi32full.dll
0x00007ffa01950000 - 0x00007ffa019ea000 	C:\WINDOWS\System32\msvcp_win.dll
0x00007ff9e7e40000 - 0x00007ff9e7e5b000 	C:\Users\HP\.p2\pool\plugins\org.eclipse.justj.openjdk.hotspot.jre.full.win32.x86_64_22.0.2.v20240802-1626\jre\bin\VCRUNTIME140.dll
0x00007ff9c8e70000 - 0x00007ff9c9102000 	C:\WINDOWS\WinSxS\amd64_microsoft.windows.common-controls_6595b64144ccf1df_6.0.22621.4391_none_2715d37f73803e96\COMCTL32.dll
0x00007ffa04560000 - 0x00007ffa04607000 	C:\WINDOWS\System32\msvcrt.dll
0x00007ffa037a0000 - 0x00007ffa037d1000 	C:\WINDOWS\System32\IMM32.DLL
0x00007ff9db7d0000 - 0x00007ff9db8d8000 	C:\Program Files (x86)\Citrix\ICA Client\epclient64.dll
0x00007ffa03420000 - 0x00007ffa034d2000 	C:\WINDOWS\System32\ADVAPI32.dll
0x00007ffa02370000 - 0x00007ffa02417000 	C:\WINDOWS\System32\sechost.dll
0x00007ffa022c0000 - 0x00007ffa022e8000 	C:\WINDOWS\System32\bcrypt.dll
0x00007ffa031a0000 - 0x00007ffa032b4000 	C:\WINDOWS\System32\RPCRT4.dll
0x00007ffa00a70000 - 0x00007ffa00aa4000 	C:\WINDOWS\SYSTEM32\ntmarta.dll
0x00007ffa022f0000 - 0x00007ffa0236b000 	C:\WINDOWS\System32\bcryptprimitives.dll
0x00007ff9fb270000 - 0x00007ff9fb27c000 	C:\Users\HP\.p2\pool\plugins\org.eclipse.justj.openjdk.hotspot.jre.full.win32.x86_64_22.0.2.v20240802-1626\jre\bin\vcruntime140_1.dll
0x00007ff99b0a0000 - 0x00007ff99b12e000 	C:\Users\HP\.p2\pool\plugins\org.eclipse.justj.openjdk.hotspot.jre.full.win32.x86_64_22.0.2.v20240802-1626\jre\bin\msvcp140.dll
0x00007ff9399a0000 - 0x00007ff93a763000 	C:\Users\HP\.p2\pool\plugins\org.eclipse.justj.openjdk.hotspot.jre.full.win32.x86_64_22.0.2.v20240802-1626\jre\bin\server\jvm.dll
0x00007ffa03b70000 - 0x00007ffa03be1000 	C:\WINDOWS\System32\WS2_32.dll
0x00007ffa01770000 - 0x00007ffa017bd000 	C:\WINDOWS\SYSTEM32\POWRPROF.dll
0x00007ff9fb1c0000 - 0x00007ff9fb1f4000 	C:\WINDOWS\SYSTEM32\WINMM.dll
0x00007ff9fb5d0000 - 0x00007ff9fb5da000 	C:\WINDOWS\SYSTEM32\VERSION.dll
0x00007ffa01650000 - 0x00007ffa01663000 	C:\WINDOWS\SYSTEM32\UMPDC.dll
0x00007ffa00950000 - 0x00007ffa00968000 	C:\WINDOWS\SYSTEM32\kernel.appcore.dll
0x00007ff9e94c0000 - 0x00007ff9e94ca000 	C:\Users\HP\.p2\pool\plugins\org.eclipse.justj.openjdk.hotspot.jre.full.win32.x86_64_22.0.2.v20240802-1626\jre\bin\jimage.dll
0x00007ff9ff220000 - 0x00007ff9ff452000 	C:\WINDOWS\SYSTEM32\DBGHELP.DLL
0x00007ffa041d0000 - 0x00007ffa0455f000 	C:\WINDOWS\System32\combase.dll
0x000001c3066a0000 - 0x000001c306777000 	C:\WINDOWS\System32\OLEAUT32.dll
0x00007ff9f8e90000 - 0x00007ff9f8ec2000 	C:\WINDOWS\SYSTEM32\dbgcore.DLL
0x00007ff9b33b0000 - 0x00007ff9b33ce000 	C:\Users\HP\.p2\pool\plugins\org.eclipse.justj.openjdk.hotspot.jre.full.win32.x86_64_22.0.2.v20240802-1626\jre\bin\java.dll
0x00007ffa02420000 - 0x00007ffa02c96000 	C:\WINDOWS\System32\SHELL32.dll
0x00007ffa02e60000 - 0x00007ffa03005000 	C:\WINDOWS\System32\ole32.dll
0x00007ff9a3b50000 - 0x00007ff9a3b67000 	C:\Users\HP\.p2\pool\plugins\org.eclipse.justj.openjdk.hotspot.jre.full.win32.x86_64_22.0.2.v20240802-1626\jre\bin\zip.dll
0x00007ff9ff840000 - 0x00007ffa00143000 	C:\WINDOWS\SYSTEM32\windows.storage.dll
0x00007ff9ff700000 - 0x00007ff9ff83f000 	C:\WINDOWS\SYSTEM32\wintypes.dll
0x00007ffa03010000 - 0x00007ffa03109000 	C:\WINDOWS\System32\SHCORE.dll
0x00007ffa03740000 - 0x00007ffa0379e000 	C:\WINDOWS\System32\shlwapi.dll
0x00007ffa01880000 - 0x00007ffa018ab000 	C:\WINDOWS\SYSTEM32\profapi.dll
0x00007ff9e83a0000 - 0x00007ff9e83b0000 	C:\Users\HP\.p2\pool\plugins\org.eclipse.justj.openjdk.hotspot.jre.full.win32.x86_64_22.0.2.v20240802-1626\jre\bin\net.dll
0x00007ffa00dd0000 - 0x00007ffa00e39000 	C:\WINDOWS\system32\mswsock.dll
0x00007ff98e690000 - 0x00007ff98e6a6000 	C:\Users\HP\.p2\pool\plugins\org.eclipse.justj.openjdk.hotspot.jre.full.win32.x86_64_22.0.2.v20240802-1626\jre\bin\nio.dll
0x00007ffa00420000 - 0x00007ffa00522000 	C:\WINDOWS\SYSTEM32\DNSAPI.dll
0x00007ffa003f0000 - 0x00007ffa0041d000 	C:\WINDOWS\SYSTEM32\IPHLPAPI.DLL
0x000001c306f30000 - 0x000001c306f39000 	C:\WINDOWS\System32\NSI.dll
0x00007ff9ea020000 - 0x00007ff9ea02a000 	C:\Windows\System32\rasadhlp.dll
0x00007ff9fa850000 - 0x00007ff9fa8d3000 	C:\WINDOWS\System32\fwpuclnt.dll
0x00007ff9d1f80000 - 0x00007ff9d1f89000 	C:\Users\HP\.p2\pool\plugins\org.eclipse.justj.openjdk.hotspot.jre.full.win32.x86_64_22.0.2.v20240802-1626\jre\bin\extnet.dll
0x00007ffa01040000 - 0x00007ffa0105b000 	C:\WINDOWS\SYSTEM32\CRYPTSP.dll
0x00007ffa008b0000 - 0x00007ffa008e5000 	C:\WINDOWS\system32\rsaenh.dll
0x00007ffa00eb0000 - 0x00007ffa00ed8000 	C:\WINDOWS\SYSTEM32\USERENV.dll
0x00007ffa01060000 - 0x00007ffa0106c000 	C:\WINDOWS\SYSTEM32\CRYPTBASE.dll
0x00007ff9e2d10000 - 0x00007ff9e2d20000 	C:\Users\HP\.p2\pool\plugins\org.eclipse.justj.openjdk.hotspot.jre.full.win32.x86_64_22.0.2.v20240802-1626\jre\bin\verify.dll
0x00007ff9fdeb0000 - 0x00007ff9fdf47000 	C:\WINDOWS\system32\apphelp.dll
0x00007ff9e82b0000 - 0x00007ff9e82ba000 	C:\Users\HP\.p2\pool\plugins\org.eclipse.justj.openjdk.hotspot.jre.full.win32.x86_64_22.0.2.v20240802-1626\jre\bin\management.dll
0x00007ff9e8220000 - 0x00007ff9e822b000 	C:\Users\HP\.p2\pool\plugins\org.eclipse.justj.openjdk.hotspot.jre.full.win32.x86_64_22.0.2.v20240802-1626\jre\bin\management_ext.dll
0x000001c306f40000 - 0x000001c306f48000 	C:\WINDOWS\System32\PSAPI.DLL
0x00007ff9b0580000 - 0x00007ff9b058e000 	C:\Users\HP\.p2\pool\plugins\org.eclipse.justj.openjdk.hotspot.jre.full.win32.x86_64_22.0.2.v20240802-1626\jre\bin\sunmscapi.dll
0x000001c323d10000 - 0x000001c323e76000 	C:\WINDOWS\System32\CRYPT32.dll
0x00007ffa01220000 - 0x00007ffa0124d000 	C:\WINDOWS\SYSTEM32\ncrypt.dll
0x00007ffa011e0000 - 0x00007ffa01217000 	C:\WINDOWS\SYSTEM32\NTASN1.dll
0x00007ff9fb580000 - 0x00007ff9fb588000 	C:\WINDOWS\system32\wshunix.dll

dbghelp: loaded successfully - version: 4.0.5 - missing functions: none
symbol engine: initialized successfully - sym options: 0x614 - pdb path: .;C:\Users\HP\.p2\pool\plugins\org.eclipse.justj.openjdk.hotspot.jre.full.win32.x86_64_22.0.2.v20240802-1626\jre\bin;C:\WINDOWS\SYSTEM32;C:\WINDOWS\WinSxS\amd64_microsoft.windows.common-controls_6595b64144ccf1df_6.0.22621.4391_none_2715d37f73803e96;C:\Program Files (x86)\Citrix\ICA Client;C:\Users\HP\.p2\pool\plugins\org.eclipse.justj.openjdk.hotspot.jre.full.win32.x86_64_22.0.2.v20240802-1626\jre\bin\server

VM Arguments:
jvm_args: -ea -Dfile.encoding=UTF-8 -Dstdout.encoding=UTF-8 -Dstderr.encoding=UTF-8 -XX:+ShowCodeDetailsInExceptionMessages 
java_command: org.testng.remote.RemoteTestNG -serport 57996 -protocol json -d F:\eclipse workspace 24\MavenProject\test-output C:\Users\HP\AppData\Local\Temp\testng-eclipse--154967103\testng-customsuite.xml
java_class_path (initial): C:\Users\HP\eclipse\java-2024-09\eclipse\configuration\org.eclipse.osgi\526\0\.cp\lib\testng-remote.jar;F:\eclipse workspace 24\MavenProject\target\test-classes;F:\eclipse workspace 24\MavenProject\target\classes;C:\Users\HP\.p2\pool\plugins\junit-jupiter-api_5.11.0.jar;C:\Users\HP\.p2\pool\plugins\junit-jupiter-engine_5.11.0.jar;C:\Users\HP\.p2\pool\plugins\junit-jupiter-migrationsupport_5.11.0.jar;C:\Users\HP\.p2\pool\plugins\junit-jupiter-params_5.11.0.jar;C:\Users\HP\.p2\pool\plugins\junit-platform-commons_1.11.0.jar;C:\Users\HP\.p2\pool\plugins\junit-platform-engine_1.11.0.jar;C:\Users\HP\.p2\pool\plugins\junit-platform-launcher_1.11.0.jar;C:\Users\HP\.p2\pool\plugins\junit-platform-runner_1.11.0.jar;C:\Users\HP\.p2\pool\plugins\junit-platform-suite-api_1.11.0.jar;C:\Users\HP\.p2\pool\plugins\junit-platform-suite-engine_1.11.0.jar;C:\Users\HP\.p2\pool\plugins\junit-platform-suite-commons_1.11.0.jar;C:\Users\HP\.p2\pool\plugins\junit-vintage-engine_5.11.0.jar;C:\Users\HP\.p2\pool\plugins\org.opentest4j_1.3.0.jar;C:\Users\HP\.p2\pool\plugins\org.apiguardian.api_1.1.2.jar;C:\Users\HP\.p2\pool\plugins\org.junit_4.13.2.v20230809-1000.jar;C:\Users\HP\.p2\pool\plugins\org.hamcrest_3.0.0.jar;C:\Users\HP\.p2\pool\plugins\org.hamcrest.core_2.2.0.v20230809-1000.jar;C:\Users\HP\.p2\pool\plugins\org.testng_7.4.0.r202105021533.jar;C:\Users\HP\.p2\pool\plugins\com.beust.jcommander_1.78.0.jar;C:\Users\HP\.p2\pool\plugins\org.apache-extras.beanshell.bsh_2.0.0.b6.jar;C:\Users\HP\.p2\pool\plugins\org.yaml.snakeyaml_1.21.0.jar;C:\Users\HP\.p2\pool\plugins\org.webjars.jquery_3.5.1.jar;C:\Users\HP\.m2\repository\org\seleniumhq\selenium\selenium-java\4.13.0\selenium-java-4.13.0.jar;C:\Users\HP\.m2\repository\org\seleniumhq\selenium\selenium-api\4.13.0\selenium-api-4.13.0.jar;C:\Users\HP\.m2\repository\org\seleniumhq\selenium\selenium-chrome-driver\4.13.0\selenium-chrome-driver-4.13.0.jar;C:\Users\HP\.m2\repository\com\google\auto\service\auto-service-annotations\1.1.1\auto-service-annotations-1.1.1.jar;C:\Users\HP\.m2\repository\com\google\guava\guava\32.1.2-jre\guava-32.1.2-jre.jar;C:\Users\HP\.m2\repository\com\google\guava\failureaccess\1.0.1\failureaccess-1.0.1.jar;C:\Users\HP\.m2\repository\com\google\guava\listenablefuture\9999.0-empty-to-avoid-conflict-with-guava\listenablefuture-9999.0-empty-to-avoid-conflict-with-guava.jar;C:\Users\HP\.m2\repository\com\google\code\findbugs\jsr305\3.0.2\jsr305-3.0.2.jar;C:\Users\HP\.m2\repository\org\checkerframework\checker-qual\3.33.0\checker-qual-3.33.0.jar;C:\Users\HP\.m2\repository\com\google\errorprone\error_prone_annotations\2.18.0\error_prone_annotations-2.18.0.jar;C:\Users\HP\.m2\repository\com\google\j2objc\j2objc-annotations\2.8\j2objc-annotations-2.8.jar;C:\Users\HP\.m2\repository\org\seleniumhq\selenium\selenium-chromium-driver\4.13.0\selenium-chromium-driver-4.13.0.jar;C:\Users\HP\.m2\repository\org\seleniumhq\selenium\selenium-json\4.13.0\selenium-json-4.13.0.jar;C:\Users\HP\.m2\repository\org\seleniumhq\selenium\selenium-manager\4.13.0\selenium-manager-4.13.0.jar;C:\Users\HP\.m2\repository\org\seleniumhq\selenium\selenium-devtools-v115\4.13.0\selenium-devtools-v115-4.13.0.jar;C:\Users\HP\.m2\repository\org\seleniumhq\selenium\selenium-devtools-v116\4.13.0\selenium-devtools-v116-4.13.0.jar;C:\Users\HP\.m2\repository\org\seleniumhq\selenium\selenium-devtools-v117\4.13.0\selenium-devtools-v117-4.13.0.jar;C:\Users\HP\.m2\repository\org\seleniumhq\selenium\selenium-devtools-v85\4.13.0\selenium-devtools-v85-4.13.0.jar;C:\Users\HP\.m2\repository\org\seleniumhq\selenium\selenium-edge-driver\4.13.0\selenium-edge-driver-4.13.0.jar;C:\Users\HP\.m2\repository\org\seleniumhq\selenium\selenium-firefox-driver\4.13.0\selenium-firefox-driver-4.13.0.jar;C:\Users\HP\.m2\repository\org\seleniumhq\selenium\selenium-http\4.13.0\selenium-http-4.13.0.jar;C:\Users\HP\.m2\repository\dev\failsafe\failsafe\3.3.2\failsafe-3.3.2.jar;C:\Users\HP\.m2\repository\org\seleniumhq\selenium\selenium-ie-driver\4.13.0\selenium-ie-driver-4.13.0.jar;C:\Users\HP\.m2\repository\org\seleniumhq\selenium\selenium-remote-driver\4.13.0\selenium-remote-driver-4.13.0.jar;C:\Users\HP\.m2\repository\io\netty\netty-buffer\4.1.96.Final\netty-buffer-4.1.96.Final.jar;C:\Users\HP\.m2\repository\io\netty\netty-codec-http\4.1.96.Final\netty-codec-http-4.1.96.Final.jar;C:\Users\HP\.m2\repository\io\netty\netty-codec\4.1.96.Final\netty-codec-4.1.96.Final.jar;C:\Users\HP\.m2\repository\io\netty\netty-handler\4.1.96.Final\netty-handler-4.1.96.Final.jar;C:\Users\HP\.m2\repository\io\netty\netty-common\4.1.96.Final\netty-common-4.1.96.Final.jar;C:\Users\HP\.m2\repository\io\netty\netty-transport-classes-epoll\4.1.96.Final\netty-transport-classes-epoll-4.1.96.Final.jar;C:\Users\HP\.m2\repository\io\netty\netty-transport-classes-kqueue\4.1.96.Final\netty-transport-classes-kqueue-4.1.96.Final.jar;C:\Users\HP\.m2\repository\io\netty\netty-transport-native-epoll\4.1.96.Final\netty-transport-native-epoll-4.1.96.Final.jar;C:\Users\HP\.m2\repository\io\netty\netty-transport-native-kqueue\4.1.96.Final\netty-transport-native-kqueue-4.1.96.Final.jar;C:\Users\HP\.m2\repository\io\netty\netty-transport-native-unix-common\4.1.96.Final\netty-transport-native-unix-common-4.1.96.Final.jar;C:\Users\HP\.m2\repository\io\netty\netty-transport\4.1.96.Final\netty-transport-4.1.96.Final.jar;C:\Users\HP\.m2\repository\io\netty\netty-resolver\4.1.96.Final\netty-resolver-4.1.96.Final.jar;C:\Users\HP\.m2\repository\io\opentelemetry\opentelemetry-api\1.28.0\opentelemetry-api-1.28.0.jar;C:\Users\HP\.m2\repository\io\opentelemetry\opentelemetry-context\1.28.0\opentelemetry-context-1.28.0.jar;C:\Users\HP\.m2\repository\io\opentelemetry\opentelemetry-exporter-logging\1.28.0\opentelemetry-exporter-logging-1.28.0.jar;C:\Users\HP\.m2\repository\io\opentelemetry\opentelemetry-sdk-metrics\1.28.0\opentelemetry-sdk-metrics-1.28.0.jar;C:\Users\HP\.m2\repository\io\opentelemetry\opentelemetry-extension-incubator\1.28.0-alpha\opentelemetry-extension-incubator-1.28.0-alpha.jar;C:\Users\HP\.m2\repository\io\opentelemetry\opentelemetry-sdk-logs\1.28.0\opentelemetry-sdk-logs-1.28.0.jar;C:\Users\HP\.m2\repository\io\opentelemetry\opentelemetry-sdk-common\1.28.0\opentelemetry-sdk-common-1.28.0.jar;C:\Users\HP\.m2\repository\io\opentelemetry\opentelemetry-sdk-extension-autoconfigure-spi\1.28.0\opentelemetry-sdk-extension-autoconfigure-spi-1.28.0.jar;C:\Users\HP\.m2\repository\io\opentelemetry\opentelemetry-sdk-extension-autoconfigure\1.28.0\opentelemetry-sdk-extension-autoconfigure-1.28.0.jar;C:\Users\HP\.m2\repository\io\opentelemetry\opentelemetry-api-events\1.28.0-alpha\opentelemetry-api-events-1.28.0-alpha.jar;C:\Users\HP\.m2\repository\io\opentelemetry\opentelemetry-sdk-trace\1.28.0\opentelemetry-sdk-trace-1.28.0.jar;C:\Users\HP\.m2\repository\io\opentelemetry\opentelemetry-sdk\1.28.0\opentelemetry-sdk-1.28.0.jar;C:\Users\HP\.m2\repository\io\opentelemetry\opentelemetry-semconv\1.28.0-alpha\opentelemetry-semconv-1.28.0-alpha.jar;C:\Users\HP\.m2\repository\net\bytebuddy\byte-buddy\1.14.5\byte-buddy-1.14.5.jar;C:\Users\HP\.m2\repository\org\asynchttpclient\async-http-client\2.12.3\async-http-client-2.12.3.jar;C:\Users\HP\.m2\repository\org\asynchttpclient\async-http-client-netty-utils\2.12.3\async-http-client-netty-utils-2.12.3.jar;C:\Users\HP\.m2\repository\io\netty\netty-codec-socks\4.1.60.Final\netty-codec-socks-4.1.60.Final.jar;C:\Users\HP\.m2\repository\io\netty\netty-handler-proxy\4.1.60.Final\netty-handler-proxy-4.1.60.Final.jar;C:\Users\HP\.m2\repository\io\netty\netty-transport-native-epoll\4.1.60.Final\netty-transport-native-epoll-4.1.60.Final-linux-x86_64.jar;C:\Users\HP\.m2\repository\io\netty\netty-transport-native-kqueue\4.1.60.Final\netty-transport-native-kqueue-4.1.60.Final-osx-x86_64.jar;C:\Users\HP\.m2\repository\com\typesafe\netty\netty-reactive-streams\2.0.4\netty-reactive-streams-2.0.4.jar;C:\Users\HP\.m2\repository\org\slf4j\slf4j-api\1.7.30\slf4j-api-1.7.30.jar;C:\Users\HP\.m2\repository\com\sun\activation\jakarta.activation\1.2.2\jakarta.activation-1.2.2.jar;C:\Users\HP\.m2\repository\org\seleniumhq\selenium\selenium-os\4.13.0\selenium-os-4.13.0.jar;C:\Users\HP\.m2\repository\org\apache\commons\commons-exec\1.3\commons-exec-1.3.jar;C:\Users\HP\.m2\repository\org\seleniumhq\selenium\selenium-safari-driver\4.13.0\selenium-safari-driver-4.13.0.jar;C:\Users\HP\.m2\repository\org\seleniumhq\selenium\selenium-support\4.13.0\selenium-support-4.13.0.jar;C:\Users\HP\.m2\repository\com\aventstack\extentreports\5.0.9\extentreports-5.0.9.jar;C:\Users\HP\.m2\repository\io\reactivex\rxjava3\rxjava\3.0.4\rxjava-3.0.4.jar;C:\Users\HP\.m2\repository\org\reactivestreams\reactive-streams\1.0.3\reactive-streams-1.0.3.jar;C:\Users\HP\.m2\repository\org\freemarker\freemarker\2.3.30\freemarker-2.3.30.jar;C:\Users\HP\.m2\repository\org\projectlombok\lombok\1.18.12\lombok-1.18.12.jar;C:\Users\HP\.m2\repository\com\google\code\gson\gson\2.8.6\gson-2.8.6.jar;C:\Users\HP\.m2\repository\com\mysql\mysql-connector-j\8.3.0\mysql-connector-j-8.3.0.jar;C:\Users\HP\.m2\repository\com\google\protobuf\protobuf-java\3.25.1\protobuf-java-3.25.1.jar;C:\Users\HP\.m2\repository\org\junit\jupiter\junit-jupiter-api\5.11.0\junit-jupiter-api-5.11.0.jar;C:\Users\HP\.m2\repository\org\opentest4j\opentest4j\1.3.0\opentest4j-1.3.0.jar;C:\Users\HP\.m2\repository\org\junit\platform\junit-platform-commons\1.11.0\junit-platform-commons-1.11.0.jar;C:\Users\HP\.m2\repository\org\apiguardian\apiguardian-api\1.1.2\apiguardian-api-1.1.2.jar;C:\Users\HP\.m2\repository\org\apache\poi\poi-ooxml\5.3.0\poi-ooxml-5.3.0.jar;C:\Users\HP\.m2\repository\org\apache\poi\poi\5.3.0\poi-5.3.0.jar;C:\Users\HP\.m2\repository\commons-codec\commons-codec\1.17.0\commons-codec-1.17.0.jar;C:\Users\HP\.m2\repository\org\apache\commons\commons-math3\3.6.1\commons-math3-3.6.1.jar;C:\Users\HP\.m2\repository\com\zaxxer\SparseBitSet\1.3\SparseBitSet-1.3.jar;C:\Users\HP\.m2\repository\org\apache\poi\poi-ooxml-lite\5.3.0\poi-ooxml-lite-5.3.0.jar;C:\Users\HP\.m2\repository\org\apache\xmlbeans\xmlbeans\5.2.1\xmlbeans-5.2.1.jar;C:\Users\HP\.m2\repository\org\apache\commons\commons-compress\1.26.2\commons-compress-1.26.2.jar;C:\Users\HP\.m2\repository\org\apache\commons\commons-lang3\3.14.0\commons-lang3-3.14.0.jar;C:\Users\HP\.m2\repository\commons-io\commons-io\2.16.1\commons-io-2.16.1.jar;C:\Users\HP\.m2\repository\com\github\virtuald\curvesapi\1.08\curvesapi-1.08.jar;C:\Users\HP\.m2\repository\org\apache\logging\log4j\log4j-api\2.23.1\log4j-api-2.23.1.jar;C:\Users\HP\.m2\repository\org\apache\commons\commons-collections4\4.4\commons-collections4-4.4.jar;C:\Users\HP\.m2\repository\org\junit\jupiter\junit-jupiter-params\5.11.0\junit-jupiter-params-5.11.0.jar
Launcher Type: SUN_STANDARD

[Global flags]
     intx CICompilerCount                          = 4                                         {product} {ergonomic}
     uint ConcGCThreads                            = 2                                         {product} {ergonomic}
     uint G1ConcRefinementThreads                  = 8                                         {product} {ergonomic}
   size_t G1HeapRegionSize                         = 1048576                                   {product} {ergonomic}
   size_t InitialHeapSize                          = 65011712                                  {product} {ergonomic}
   size_t MarkStackSize                            = 4194304                                   {product} {ergonomic}
   size_t MaxHeapSize                              = 1023410176                                {product} {ergonomic}
   size_t MaxNewSize                               = 613416960                                 {product} {ergonomic}
   size_t MinHeapDeltaBytes                        = 1048576                                   {product} {ergonomic}
   size_t MinHeapSize                              = 8388608                                   {product} {ergonomic}
    uintx NonNMethodCodeHeapSize                   = 5839372                                {pd product} {ergonomic}
    uintx NonProfiledCodeHeapSize                  = 122909434                              {pd product} {ergonomic}
    uintx ProfiledCodeHeapSize                     = 122909434                              {pd product} {ergonomic}
    uintx ReservedCodeCacheSize                    = 251658240                              {pd product} {ergonomic}
     bool SegmentedCodeCache                       = true                                      {product} {ergonomic}
     bool ShowCodeDetailsInExceptionMessages       = true                                   {manageable} {command line}
   size_t SoftMaxHeapSize                          = 1023410176                             {manageable} {ergonomic}
     bool UseCompressedOops                        = true                           {product lp64_product} {ergonomic}
     bool UseG1GC                                  = true                                      {product} {ergonomic}
     bool UseLargePagesIndividualAllocation        = false                                  {pd product} {ergonomic}

Logging:
Log output configuration:
 #0: stdout all=warning uptime,level,tags foldmultilines=false
 #1: stderr all=off uptime,level,tags foldmultilines=false

Environment Variables:
JAVA_HOME=C:\Program Files\Java\jdk1.8.0_301
PATH=C:/Users/HP/.p2/pool/plugins/org.eclipse.justj.openjdk.hotspot.jre.full.win32.x86_64_22.0.2.v20240802-1626/jre/bin/server;C:/Users/HP/.p2/pool/plugins/org.eclipse.justj.openjdk.hotspot.jre.full.win32.x86_64_22.0.2.v20240802-1626/jre/bin;C:\app\HP\product\21c\dbhomeXE\bin;C:\Program Files\Java\jdk1.8.0_301\bin;C:\Program Files (x86)\Common Files\Oracle\Java\javapath;C:\WINDOWS\system32;C:\WINDOWS;C:\WINDOWS\System32\Wbem;C:\WINDOWS\System32\WindowsPowerShell\v1.0\;C:\WINDOWS\System32\OpenSSH\;C:\Program Files\apache-maven-3.6.3\bin;C:\Program Files\Git\cmd;C:\Program Files\Microsoft SQL Server\Client SDK\ODBC\170\Tools\Binn\;C:\Program Files (x86)\Microsoft SQL Server\150\Tools\Binn\;C:\Program Files\Microsoft SQL Server\150\Tools\Binn\;C:\Program Files\Microsoft SQL Server\150\DTS\Binn\;C:\Program Files (x86)\Microsoft SQL Server\150\DTS\Binn\;C:\Program Files\MySQL\MySQL Server 8.0\bin;C:\Program Files\dotnet\;C:\Program Files (x86)\Microsoft SQL Server\160\Tools\Binn\;C:\Program Files\Microsoft SQL Server\160\Tools\Binn\;C:\Program Files\Microsoft SQL Server\160\DTS\Binn\;C:\Program Files\nodejs\;C:\Program Files\MySQL\MySQL Shell 8.0\bin\;C:\Users\HP\AppData\Local\Microsoft\WindowsApps;C:\Users\HP\.dotnet\tools;C:\Users\HP\AppData\Local\Programs\Microsoft VS Code\bin;C:\Users\HP\AppData\Local\Programs\Azure Data Studio\bin;C:\Users\HP\AppData\Roaming\npm;C:\WINDOWS\System32;
USERNAME=HP
OS=Windows_NT
PROCESSOR_IDENTIFIER=Intel64 Family 6 Model 142 Stepping 12, GenuineIntel
TMP=C:\Users\HP\AppData\Local\Temp
TEMP=C:\Users\HP\AppData\Local\Temp




Periodic native trim disabled

---------------  S Y S T E M  ---------------

OS:
 Windows 11 , 64 bit Build 22621 (10.0.22621.4391)
OS uptime: 5 days 22:49 hours
Hyper-V role detected

CPU: total 8 (initial active 8) (4 cores per cpu, 2 threads per core) family 6 model 142 stepping 12 microcode 0xea, cx8, cmov, fxsr, ht, mmx, 3dnowpref, sse, sse2, sse3, ssse3, sse4.1, sse4.2, popcnt, lzcnt, tsc, tscinvbit, avx, avx2, aes, erms, clmul, bmi1, bmi2, adx, fma, vzeroupper, clflush, clflushopt, hv, rdtscp, f16c
Processor Information for all 8 processors :
  Max Mhz: 2112, Current Mhz: 1609, Mhz Limit: 1605

Memory: 4k page, system-wide physical 3899M (197M free)
TotalPageFile size 15675M (AvailPageFile size 0M)
current process WorkingSet (physical memory assigned to process): 49M, peak: 146M
current process commit charge ("private bytes"): 171M, peak: 188M

vm_info: OpenJDK 64-Bit Server VM (22.0.2+9) for windows-amd64 JRE (22.0.2+9), built on 2024-07-16T00:00:00Z by "admin" with MS VC++ 17.7 (VS2022)

END.
